<?xml version="1.0" encoding="UTF-8"?>
<robot generator="Robot 4.0.3 (Python 3.9.5 on win32)" generated="20210619 02:42:09.316" rpa="false" schemaversion="2">
<suite id="s1" name="OrangeHRM" source="c:\Autom-Robot\OrangeHRM.Robot">
<test id="s1-t1" name="fracasso de login">
<kw name="digitar usuario{admin123} e senha{Admin}" sourcename="digitar usuario{${usuario}} e senha{${senha}}">
<kw name="Open Browser" library="SeleniumLibrary">
<arg>${url}</arg>
<arg>chrome</arg>
<doc>Opens a new browser instance to the optional ``url``.</doc>
<msg timestamp="20210619 02:42:10.844" level="INFO">Opening browser 'chrome' to base url 'https://opensource-demo.orangehrmlive.com/'.</msg>
<status status="PASS" starttime="20210619 02:42:10.842" endtime="20210619 02:42:31.724"/>
</kw>
<kw name="Maximize Browser Window" library="SeleniumLibrary">
<doc>Maximizes current browser window.</doc>
<status status="PASS" starttime="20210619 02:42:31.724" endtime="20210619 02:42:31.898"/>
</kw>
<kw name="Input Text" library="SeleniumLibrary">
<arg>id=txtUsername</arg>
<arg>${usuario}</arg>
<doc>Types the given ``text`` into the text field identified by ``locator``.</doc>
<msg timestamp="20210619 02:42:31.898" level="INFO">Typing text 'admin123' into text field 'id=txtUsername'.</msg>
<status status="PASS" starttime="20210619 02:42:31.898" endtime="20210619 02:42:32.210"/>
</kw>
<kw name="Input Text" library="SeleniumLibrary">
<arg>id=txtPassword</arg>
<arg>${senha}</arg>
<doc>Types the given ``text`` into the text field identified by ``locator``.</doc>
<msg timestamp="20210619 02:42:32.210" level="INFO">Typing text 'Admin' into text field 'id=txtPassword'.</msg>
<status status="PASS" starttime="20210619 02:42:32.210" endtime="20210619 02:42:32.320"/>
</kw>
<kw name="Capture Page Screenshot" library="SeleniumLibrary">
<doc>Takes a screenshot of the current page and embeds it into a log file.</doc>
<msg timestamp="20210619 02:42:36.761" level="INFO" html="true">&lt;/td&gt;&lt;/tr&gt;&lt;tr&gt;&lt;td colspan="3"&gt;&lt;a href="selenium-screenshot-3.png"&gt;&lt;img src="selenium-screenshot-3.png" width="800px"&gt;&lt;/a&gt;</msg>
<status status="PASS" starttime="20210619 02:42:32.320" endtime="20210619 02:42:36.761"/>
</kw>
<kw name="Click Button" library="SeleniumLibrary">
<arg>id=btnLogin</arg>
<doc>Clicks the button identified by ``locator``.</doc>
<msg timestamp="20210619 02:42:36.761" level="INFO">Clicking button 'id=btnLogin'.</msg>
<status status="PASS" starttime="20210619 02:42:36.761" endtime="20210619 02:42:37.821"/>
</kw>
<status status="PASS" starttime="20210619 02:42:10.842" endtime="20210619 02:42:37.821"/>
</kw>
<kw name="acesso negado invalid credentials">
<kw name="Wait Until Element Is Visible" library="SeleniumLibrary">
<arg>id=spanMessage</arg>
<arg>10</arg>
<doc>Waits until the element ``locator`` is visible.</doc>
<status status="PASS" starttime="20210619 02:42:37.822" endtime="20210619 02:42:37.930"/>
</kw>
<kw name="Capture Page Screenshot" library="SeleniumLibrary">
<doc>Takes a screenshot of the current page and embeds it into a log file.</doc>
<msg timestamp="20210619 02:42:38.196" level="INFO" html="true">&lt;/td&gt;&lt;/tr&gt;&lt;tr&gt;&lt;td colspan="3"&gt;&lt;a href="selenium-screenshot-4.png"&gt;&lt;img src="selenium-screenshot-4.png" width="800px"&gt;&lt;/a&gt;</msg>
<status status="PASS" starttime="20210619 02:42:37.930" endtime="20210619 02:42:38.196"/>
</kw>
<kw name="Close Browser" library="SeleniumLibrary">
<doc>Closes the current browser.</doc>
<status status="PASS" starttime="20210619 02:42:38.196" endtime="20210619 02:42:41.468"/>
</kw>
<status status="PASS" starttime="20210619 02:42:37.822" endtime="20210619 02:42:41.468"/>
</kw>
<kw name="digitar somente usuario{admin123}" sourcename="digitar somente usuario{${usuario}}">
<kw name="Open Browser" library="SeleniumLibrary">
<arg>${url}</arg>
<arg>chrome</arg>
<doc>Opens a new browser instance to the optional ``url``.</doc>
<msg timestamp="20210619 02:42:41.468" level="INFO">Opening browser 'chrome' to base url 'https://opensource-demo.orangehrmlive.com/'.</msg>
<status status="PASS" starttime="20210619 02:42:41.468" endtime="20210619 02:42:53.431"/>
</kw>
<kw name="Maximize Browser Window" library="SeleniumLibrary">
<doc>Maximizes current browser window.</doc>
<status status="PASS" starttime="20210619 02:42:53.431" endtime="20210619 02:42:53.578"/>
</kw>
<kw name="Input Text" library="SeleniumLibrary">
<arg>id=txtUsername</arg>
<arg>${usuario}</arg>
<doc>Types the given ``text`` into the text field identified by ``locator``.</doc>
<msg timestamp="20210619 02:42:53.578" level="INFO">Typing text 'admin123' into text field 'id=txtUsername'.</msg>
<status status="PASS" starttime="20210619 02:42:53.578" endtime="20210619 02:42:53.719"/>
</kw>
<kw name="Capture Page Screenshot" library="SeleniumLibrary">
<doc>Takes a screenshot of the current page and embeds it into a log file.</doc>
<msg timestamp="20210619 02:43:02.610" level="INFO" html="true">&lt;/td&gt;&lt;/tr&gt;&lt;tr&gt;&lt;td colspan="3"&gt;&lt;a href="selenium-screenshot-5.png"&gt;&lt;img src="selenium-screenshot-5.png" width="800px"&gt;&lt;/a&gt;</msg>
<status status="PASS" starttime="20210619 02:42:53.719" endtime="20210619 02:43:02.610"/>
</kw>
<kw name="Click Button" library="SeleniumLibrary">
<arg>id=btnLogin</arg>
<doc>Clicks the button identified by ``locator``.</doc>
<msg timestamp="20210619 02:43:02.610" level="INFO">Clicking button 'id=btnLogin'.</msg>
<status status="PASS" starttime="20210619 02:43:02.610" endtime="20210619 02:43:03.194"/>
</kw>
<status status="PASS" starttime="20210619 02:42:41.468" endtime="20210619 02:43:03.194"/>
</kw>
<kw name="acesso negado password cannot be empty">
<kw name="Wait Until Element Is Visible" library="SeleniumLibrary">
<arg>id=spanMessage</arg>
<arg>10</arg>
<doc>Waits until the element ``locator`` is visible.</doc>
<status status="PASS" starttime="20210619 02:43:03.195" endtime="20210619 02:43:03.249"/>
</kw>
<kw name="Capture Page Screenshot" library="SeleniumLibrary">
<doc>Takes a screenshot of the current page and embeds it into a log file.</doc>
<msg timestamp="20210619 02:43:03.496" level="INFO" html="true">&lt;/td&gt;&lt;/tr&gt;&lt;tr&gt;&lt;td colspan="3"&gt;&lt;a href="selenium-screenshot-6.png"&gt;&lt;img src="selenium-screenshot-6.png" width="800px"&gt;&lt;/a&gt;</msg>
<status status="PASS" starttime="20210619 02:43:03.249" endtime="20210619 02:43:03.496"/>
</kw>
<kw name="Close Browser" library="SeleniumLibrary">
<doc>Closes the current browser.</doc>
<status status="PASS" starttime="20210619 02:43:03.496" endtime="20210619 02:43:08.149"/>
</kw>
<status status="PASS" starttime="20210619 02:43:03.194" endtime="20210619 02:43:08.149"/>
</kw>
<kw name="digitar senha{Admin}" sourcename="digitar senha{${senha}}">
<kw name="Open Browser" library="SeleniumLibrary">
<arg>${url}</arg>
<arg>chrome</arg>
<doc>Opens a new browser instance to the optional ``url``.</doc>
<msg timestamp="20210619 02:43:08.149" level="INFO">Opening browser 'chrome' to base url 'https://opensource-demo.orangehrmlive.com/'.</msg>
<status status="PASS" starttime="20210619 02:43:08.149" endtime="20210619 02:43:38.952"/>
</kw>
<kw name="Maximize Browser Window" library="SeleniumLibrary">
<doc>Maximizes current browser window.</doc>
<status status="PASS" starttime="20210619 02:43:38.952" endtime="20210619 02:43:39.346"/>
</kw>
<kw name="Input Text" library="SeleniumLibrary">
<arg>id=txtPassword</arg>
<arg>${senha}</arg>
<doc>Types the given ``text`` into the text field identified by ``locator``.</doc>
<msg timestamp="20210619 02:43:39.346" level="INFO">Typing text 'Admin' into text field 'id=txtPassword'.</msg>
<status status="PASS" starttime="20210619 02:43:39.346" endtime="20210619 02:43:40.158"/>
</kw>
<kw name="Capture Page Screenshot" library="SeleniumLibrary">
<doc>Takes a screenshot of the current page and embeds it into a log file.</doc>
<msg timestamp="20210619 02:44:32.701" level="INFO" html="true">&lt;/td&gt;&lt;/tr&gt;&lt;tr&gt;&lt;td colspan="3"&gt;&lt;a href="selenium-screenshot-7.png"&gt;&lt;img src="selenium-screenshot-7.png" width="800px"&gt;&lt;/a&gt;</msg>
<status status="PASS" starttime="20210619 02:43:40.158" endtime="20210619 02:44:32.811"/>
</kw>
<kw name="Click Button" library="SeleniumLibrary">
<arg>id=btnLogin</arg>
<doc>Clicks the button identified by ``locator``.</doc>
<msg timestamp="20210619 02:44:32.811" level="INFO">Clicking button 'id=btnLogin'.</msg>
<status status="PASS" starttime="20210619 02:44:32.811" endtime="20210619 02:44:32.918"/>
</kw>
<status status="PASS" starttime="20210619 02:43:08.149" endtime="20210619 02:44:32.919"/>
</kw>
<kw name="acesso negado username cannot be empty">
<kw name="Wait Until Element Is Visible" library="SeleniumLibrary">
<arg>id=spanMessage</arg>
<arg>10</arg>
<doc>Waits until the element ``locator`` is visible.</doc>
<status status="PASS" starttime="20210619 02:44:32.920" endtime="20210619 02:44:32.983"/>
</kw>
<kw name="Capture Page Screenshot" library="SeleniumLibrary">
<doc>Takes a screenshot of the current page and embeds it into a log file.</doc>
<msg timestamp="20210619 02:44:33.195" level="INFO" html="true">&lt;/td&gt;&lt;/tr&gt;&lt;tr&gt;&lt;td colspan="3"&gt;&lt;a href="selenium-screenshot-8.png"&gt;&lt;img src="selenium-screenshot-8.png" width="800px"&gt;&lt;/a&gt;</msg>
<status status="PASS" starttime="20210619 02:44:32.983" endtime="20210619 02:44:33.195"/>
</kw>
<kw name="Close Browser" library="SeleniumLibrary">
<doc>Closes the current browser.</doc>
<status status="PASS" starttime="20210619 02:44:33.195" endtime="20210619 02:44:36.255"/>
</kw>
<status status="PASS" starttime="20210619 02:44:32.919" endtime="20210619 02:44:36.255"/>
</kw>
<kw name="digitar usuario invalido{123} e senha{admin123}" sourcename="digitar usuario invalido{${usuario}} e senha{${senha}}">
<kw name="Open Browser" library="SeleniumLibrary">
<arg>${url}</arg>
<arg>chrome</arg>
<doc>Opens a new browser instance to the optional ``url``.</doc>
<msg timestamp="20210619 02:44:36.255" level="INFO">Opening browser 'chrome' to base url 'https://opensource-demo.orangehrmlive.com/'.</msg>
<status status="PASS" starttime="20210619 02:44:36.255" endtime="20210619 02:45:17.523"/>
</kw>
<kw name="Maximize Browser Window" library="SeleniumLibrary">
<doc>Maximizes current browser window.</doc>
<status status="PASS" starttime="20210619 02:45:17.523" endtime="20210619 02:45:17.808"/>
</kw>
<kw name="Input Text" library="SeleniumLibrary">
<arg>id=txtUsername</arg>
<arg>${usuario}</arg>
<doc>Types the given ``text`` into the text field identified by ``locator``.</doc>
<msg timestamp="20210619 02:45:17.811" level="INFO">Typing text '123' into text field 'id=txtUsername'.</msg>
<status status="PASS" starttime="20210619 02:45:17.808" endtime="20210619 02:45:18.460"/>
</kw>
<kw name="Input Text" library="SeleniumLibrary">
<arg>id=txtPassword</arg>
<arg>${senha}</arg>
<doc>Types the given ``text`` into the text field identified by ``locator``.</doc>
<msg timestamp="20210619 02:45:18.460" level="INFO">Typing text 'admin123' into text field 'id=txtPassword'.</msg>
<status status="PASS" starttime="20210619 02:45:18.460" endtime="20210619 02:45:18.585"/>
</kw>
<kw name="Capture Page Screenshot" library="SeleniumLibrary">
<doc>Takes a screenshot of the current page and embeds it into a log file.</doc>
<msg timestamp="20210619 02:45:38.098" level="INFO" html="true">&lt;/td&gt;&lt;/tr&gt;&lt;tr&gt;&lt;td colspan="3"&gt;&lt;a href="selenium-screenshot-9.png"&gt;&lt;img src="selenium-screenshot-9.png" width="800px"&gt;&lt;/a&gt;</msg>
<status status="PASS" starttime="20210619 02:45:18.585" endtime="20210619 02:45:38.098"/>
</kw>
<kw name="Click Button" library="SeleniumLibrary">
<arg>id=btnLogin</arg>
<doc>Clicks the button identified by ``locator``.</doc>
<msg timestamp="20210619 02:45:38.098" level="INFO">Clicking button 'id=btnLogin'.</msg>
<status status="PASS" starttime="20210619 02:45:38.098" endtime="20210619 02:45:39.208"/>
</kw>
<status status="PASS" starttime="20210619 02:44:36.255" endtime="20210619 02:45:39.208"/>
</kw>
<kw name="acesso negado username invalid">
<kw name="Wait Until Element Is Visible" library="SeleniumLibrary">
<arg>id=spanMessage</arg>
<arg>10</arg>
<doc>Waits until the element ``locator`` is visible.</doc>
<status status="PASS" starttime="20210619 02:45:39.209" endtime="20210619 02:45:39.255"/>
</kw>
<kw name="Capture Page Screenshot" library="SeleniumLibrary">
<doc>Takes a screenshot of the current page and embeds it into a log file.</doc>
<msg timestamp="20210619 02:45:39.478" level="INFO" html="true">&lt;/td&gt;&lt;/tr&gt;&lt;tr&gt;&lt;td colspan="3"&gt;&lt;a href="selenium-screenshot-10.png"&gt;&lt;img src="selenium-screenshot-10.png" width="800px"&gt;&lt;/a&gt;</msg>
<status status="PASS" starttime="20210619 02:45:39.256" endtime="20210619 02:45:39.478"/>
</kw>
<kw name="Close Browser" library="SeleniumLibrary">
<doc>Closes the current browser.</doc>
<status status="PASS" starttime="20210619 02:45:39.478" endtime="20210619 02:45:43.379"/>
</kw>
<status status="PASS" starttime="20210619 02:45:39.209" endtime="20210619 02:45:43.379"/>
</kw>
<kw name="digitar usuario{Admin} e senha{pepino} invalida" sourcename="digitar usuario{${usuario}} e senha{${senha}} invalida">
<kw name="Open Browser" library="SeleniumLibrary">
<arg>${url}</arg>
<arg>chrome</arg>
<doc>Opens a new browser instance to the optional ``url``.</doc>
<msg timestamp="20210619 02:45:43.379" level="INFO">Opening browser 'chrome' to base url 'https://opensource-demo.orangehrmlive.com/'.</msg>
<status status="PASS" starttime="20210619 02:45:43.379" endtime="20210619 02:46:16.532"/>
</kw>
<kw name="Maximize Browser Window" library="SeleniumLibrary">
<doc>Maximizes current browser window.</doc>
<status status="PASS" starttime="20210619 02:46:16.532" endtime="20210619 02:46:16.852"/>
</kw>
<kw name="Input Text" library="SeleniumLibrary">
<arg>id=txtUsername</arg>
<arg>${usuario}</arg>
<doc>Types the given ``text`` into the text field identified by ``locator``.</doc>
<msg timestamp="20210619 02:46:16.852" level="INFO">Typing text 'Admin' into text field 'id=txtUsername'.</msg>
<status status="PASS" starttime="20210619 02:46:16.852" endtime="20210619 02:46:17.648"/>
</kw>
<kw name="Input Text" library="SeleniumLibrary">
<arg>id=txtPassword</arg>
<arg>${senha}</arg>
<doc>Types the given ``text`` into the text field identified by ``locator``.</doc>
<msg timestamp="20210619 02:46:17.648" level="INFO">Typing text 'pepino' into text field 'id=txtPassword'.</msg>
<status status="PASS" starttime="20210619 02:46:17.648" endtime="20210619 02:46:17.819"/>
</kw>
<kw name="Capture Page Screenshot" library="SeleniumLibrary">
<doc>Takes a screenshot of the current page and embeds it into a log file.</doc>
<msg timestamp="20210619 02:46:30.989" level="INFO" html="true">&lt;/td&gt;&lt;/tr&gt;&lt;tr&gt;&lt;td colspan="3"&gt;&lt;a href="selenium-screenshot-11.png"&gt;&lt;img src="selenium-screenshot-11.png" width="800px"&gt;&lt;/a&gt;</msg>
<status status="PASS" starttime="20210619 02:46:17.819" endtime="20210619 02:46:30.989"/>
</kw>
<kw name="Click Button" library="SeleniumLibrary">
<arg>id=btnLogin</arg>
<doc>Clicks the button identified by ``locator``.</doc>
<msg timestamp="20210619 02:46:30.989" level="INFO">Clicking button 'id=btnLogin'.</msg>
<status status="PASS" starttime="20210619 02:46:30.989" endtime="20210619 02:46:32.860"/>
</kw>
<status status="PASS" starttime="20210619 02:45:43.379" endtime="20210619 02:46:32.860"/>
</kw>
<kw name="acesso negado password invalid">
<kw name="Wait Until Element Is Visible" library="SeleniumLibrary">
<arg>id=spanMessage</arg>
<arg>10</arg>
<doc>Waits until the element ``locator`` is visible.</doc>
<status status="PASS" starttime="20210619 02:46:32.860" endtime="20210619 02:46:32.967"/>
</kw>
<kw name="Capture Page Screenshot" library="SeleniumLibrary">
<doc>Takes a screenshot of the current page and embeds it into a log file.</doc>
<msg timestamp="20210619 02:46:33.209" level="INFO" html="true">&lt;/td&gt;&lt;/tr&gt;&lt;tr&gt;&lt;td colspan="3"&gt;&lt;a href="selenium-screenshot-12.png"&gt;&lt;img src="selenium-screenshot-12.png" width="800px"&gt;&lt;/a&gt;</msg>
<status status="PASS" starttime="20210619 02:46:32.967" endtime="20210619 02:46:33.279"/>
</kw>
<kw name="Close Browser" library="SeleniumLibrary">
<doc>Closes the current browser.</doc>
<status status="PASS" starttime="20210619 02:46:33.279" endtime="20210619 02:46:36.808"/>
</kw>
<status status="PASS" starttime="20210619 02:46:32.860" endtime="20210619 02:46:36.808"/>
</kw>
<kw name="digitar usuario{ADMIN} e senha{ADMIN123} no capslock" sourcename="digitar usuario{${usuario}} e senha{${senha}} no capslock">
<kw name="Open Browser" library="SeleniumLibrary">
<arg>${url}</arg>
<arg>chrome</arg>
<doc>Opens a new browser instance to the optional ``url``.</doc>
<msg timestamp="20210619 02:46:36.810" level="INFO">Opening browser 'chrome' to base url 'https://opensource-demo.orangehrmlive.com/'.</msg>
<status status="PASS" starttime="20210619 02:46:36.809" endtime="20210619 02:46:53.887"/>
</kw>
<kw name="Maximize Browser Window" library="SeleniumLibrary">
<doc>Maximizes current browser window.</doc>
<status status="PASS" starttime="20210619 02:46:53.887" endtime="20210619 02:46:54.276"/>
</kw>
<kw name="Input Text" library="SeleniumLibrary">
<arg>id=txtUsername</arg>
<arg>${usuario}</arg>
<doc>Types the given ``text`` into the text field identified by ``locator``.</doc>
<msg timestamp="20210619 02:46:54.276" level="INFO">Typing text 'ADMIN' into text field 'id=txtUsername'.</msg>
<status status="PASS" starttime="20210619 02:46:54.276" endtime="20210619 02:46:55.322"/>
</kw>
<kw name="Input Text" library="SeleniumLibrary">
<arg>id=txtPassword</arg>
<arg>${senha}</arg>
<doc>Types the given ``text`` into the text field identified by ``locator``.</doc>
<msg timestamp="20210619 02:46:55.322" level="INFO">Typing text 'ADMIN123' into text field 'id=txtPassword'.</msg>
<status status="PASS" starttime="20210619 02:46:55.322" endtime="20210619 02:46:55.463"/>
</kw>
<kw name="Capture Page Screenshot" library="SeleniumLibrary">
<doc>Takes a screenshot of the current page and embeds it into a log file.</doc>
<msg timestamp="20210619 02:47:06.854" level="INFO" html="true">&lt;/td&gt;&lt;/tr&gt;&lt;tr&gt;&lt;td colspan="3"&gt;&lt;a href="selenium-screenshot-13.png"&gt;&lt;img src="selenium-screenshot-13.png" width="800px"&gt;&lt;/a&gt;</msg>
<status status="PASS" starttime="20210619 02:46:55.463" endtime="20210619 02:47:06.854"/>
</kw>
<kw name="Click Button" library="SeleniumLibrary">
<arg>id=btnLogin</arg>
<doc>Clicks the button identified by ``locator``.</doc>
<msg timestamp="20210619 02:47:06.854" level="INFO">Clicking button 'id=btnLogin'.</msg>
<status status="PASS" starttime="20210619 02:47:06.854" endtime="20210619 02:47:08.322"/>
</kw>
<status status="PASS" starttime="20210619 02:46:36.808" endtime="20210619 02:47:08.322"/>
</kw>
<kw name="acesso negado invalid credential">
<kw name="Wait Until Element Is Visible" library="SeleniumLibrary">
<arg>id=spanMessage</arg>
<arg>10</arg>
<doc>Waits until the element ``locator`` is visible.</doc>
<status status="PASS" starttime="20210619 02:47:08.323" endtime="20210619 02:47:08.391"/>
</kw>
<kw name="Capture Page Screenshot" library="SeleniumLibrary">
<doc>Takes a screenshot of the current page and embeds it into a log file.</doc>
<msg timestamp="20210619 02:47:08.618" level="INFO" html="true">&lt;/td&gt;&lt;/tr&gt;&lt;tr&gt;&lt;td colspan="3"&gt;&lt;a href="selenium-screenshot-14.png"&gt;&lt;img src="selenium-screenshot-14.png" width="800px"&gt;&lt;/a&gt;</msg>
<status status="PASS" starttime="20210619 02:47:08.391" endtime="20210619 02:47:08.618"/>
</kw>
<kw name="Close Browser" library="SeleniumLibrary">
<doc>Closes the current browser.</doc>
<status status="PASS" starttime="20210619 02:47:08.619" endtime="20210619 02:47:13.190"/>
</kw>
<status status="PASS" starttime="20210619 02:47:08.323" endtime="20210619 02:47:13.190"/>
</kw>
<status status="PASS" starttime="20210619 02:42:10.838" endtime="20210619 02:47:13.190"/>
</test>
<status status="PASS" starttime="20210619 02:42:09.316" endtime="20210619 02:47:13.443"/>
</suite>
<statistics>
<total>
<stat pass="1" fail="0" skip="0">All Tests</stat>
</total>
<tag>
</tag>
<suite>
<stat pass="1" fail="0" skip="0" id="s1" name="OrangeHRM">OrangeHRM</stat>
</suite>
</statistics>
<errors>
</errors>
</robot>
